<?xml version="1.0" encoding="UTF-8"?>
<!-- Generated by org.testng.reporters.JUnitXMLReporter -->
<testsuite ignored="0" hostname="DESKTOP-0GTM9MP" failures="0" tests="4" name="Default test" time="7.748" errors="0" timestamp="2023-07-16T23:50:45 CDT">
  <testcase classname="com.restassured.test.HTTPRequest" name="getUser" time="4.199"/>
  <testcase classname="com.restassured.test.HTTPRequest" name="createUser" time="2.571"/>
  <testcase classname="com.restassured.test.HTTPRequest" name="updateUser" time="0.399"/>
  <testcase classname="com.restassured.test.HTTPRequest" name="deleteUser" time="0.401"/>
</testsuite> <!-- Default test -->
