<?xml version="1.0" encoding="UTF-8"?>
<testng-results ignored="0" total="4" passed="4" failed="0" skipped="0">
  <reporter-output>
  </reporter-output>
  <suite started-at="2023-07-16T23:50:37 CDT" name="Default suite" finished-at="2023-07-16T23:50:45 CDT" duration-ms="7748">
    <groups>
    </groups>
    <test started-at="2023-07-16T23:50:37 CDT" name="Default test" finished-at="2023-07-16T23:50:45 CDT" duration-ms="7748">
      <class name="com.restassured.test.HTTPRequest">
        <test-method signature="getUser()[pri:1, instance:com.restassured.test.HTTPRequest@169e6180]" started-at="2023-07-16T23:50:37 CDT" name="getUser" finished-at="2023-07-16T23:50:41 CDT" duration-ms="4199" status="PASS">
          <reporter-output>
          </reporter-output>
        </test-method> <!-- getUser -->
        <test-method signature="createUser()[pri:2, instance:com.restassured.test.HTTPRequest@169e6180]" started-at="2023-07-16T23:50:42 CDT" name="createUser" finished-at="2023-07-16T23:50:44 CDT" duration-ms="2571" status="PASS">
          <reporter-output>
          </reporter-output>
        </test-method> <!-- createUser -->
        <test-method signature="updateUser()[pri:3, instance:com.restassured.test.HTTPRequest@169e6180]" started-at="2023-07-16T23:50:44 CDT" name="updateUser" finished-at="2023-07-16T23:50:45 CDT" depends-on-methods="com.restassured.test.HTTPRequest.createUser" duration-ms="399" status="PASS">
          <reporter-output>
          </reporter-output>
        </test-method> <!-- updateUser -->
        <test-method signature="deleteUser()[pri:4, instance:com.restassured.test.HTTPRequest@169e6180]" started-at="2023-07-16T23:50:45 CDT" name="deleteUser" finished-at="2023-07-16T23:50:45 CDT" duration-ms="401" status="PASS">
          <reporter-output>
          </reporter-output>
        </test-method> <!-- deleteUser -->
      </class> <!-- com.restassured.test.HTTPRequest -->
    </test> <!-- Default test -->
  </suite> <!-- Default suite -->
</testng-results>
